c:\users\dhaval\desktop\fp\gamename\proj.win32\debug.win32\main.obj
c:\users\dhaval\desktop\fp\gamename\proj.win32\debug.win32\appdelegate.obj
c:\users\dhaval\desktop\fp\gamename\proj.win32\debug.win32\helloworldscene.obj
c:\users\dhaval\desktop\fp\gamename\proj.win32\debug.win32\vc140.pdb
c:\users\dhaval\desktop\fp\gamename\proj.win32\debug.win32\vc140.idb
c:\users\dhaval\desktop\fp\gamename\proj.win32\debug.win32\gamename.lib
c:\users\dhaval\desktop\fp\gamename\proj.win32\debug.win32\gamename.exp
c:\users\dhaval\desktop\fp\gamename\proj.win32\gamename.cab
c:\users\dhaval\desktop\fp\gamename\proj.win32\debug.win32\gamename.ilk
c:\users\dhaval\desktop\fp\gamename\proj.win32\debug.win32\gamename.exe
c:\users\dhaval\desktop\fp\gamename\proj.win32\debug.win32\gamename.pdb
c:\users\dhaval\desktop\fp\gamename\proj.win32\debug.win32\game.res
c:\users\dhaval\desktop\fp\gamename\proj.win32\debug.win32\gamename.vcxprojresolveassemblyreference.cache
c:\users\dhaval\desktop\fp\gamename\proj.win32\debug.win32\libcocos2d.exp
c:\users\dhaval\desktop\fp\gamename\proj.win32\debug.win32\vc141.idb
c:\users\dhaval\desktop\fp\gamename\proj.win32\debug.win32\libbox2d.pdb
c:\users\dhaval\desktop\fp\gamename\proj.win32\debug.win32\libspine.pdb
c:\users\dhaval\desktop\fp\gamename\proj.win32\debug.win32\vc141.pdb
c:\users\dhaval\desktop\fp\gamename\proj.win32\debug.win32\gamename.tlog\cl.command.1.tlog
c:\users\dhaval\desktop\fp\gamename\proj.win32\debug.win32\gamename.tlog\cl.read.1.tlog
c:\users\dhaval\desktop\fp\gamename\proj.win32\debug.win32\gamename.tlog\cl.write.1.tlog
c:\users\dhaval\desktop\fp\gamename\proj.win32\debug.win32\gamename.tlog\gamename.write.1u.tlog
c:\users\dhaval\desktop\fp\gamename\proj.win32\debug.win32\gamename.tlog\link.command.1.tlog
c:\users\dhaval\desktop\fp\gamename\proj.win32\debug.win32\gamename.tlog\link.read.1.tlog
c:\users\dhaval\desktop\fp\gamename\proj.win32\debug.win32\gamename.tlog\link.write.1.tlog
c:\users\dhaval\desktop\fp\gamename\proj.win32\debug.win32\gamename.tlog\rc.command.1.tlog
c:\users\dhaval\desktop\fp\gamename\proj.win32\debug.win32\gamename.tlog\rc.read.1.tlog
c:\users\dhaval\desktop\fp\gamename\proj.win32\debug.win32\gamename.tlog\rc.write.1.tlog
